<!DOCTYPE html PUBLIC "-//W3C//DTD XHTML 1.1//EN" "https://www.w3.org/TR/xhtml11/DTD/xhtml11.dtd">
<html xmlns="https://www.w3.org/1999/xhtml">
<head>
<meta http-equiv="content-type" content="text/html; charset=UTF-8"/>
<title>TestNG Report</title>
<style type="text/css">table {margin-bottom:10px;border-collapse:collapse;empty-cells:show}th,td {border:1px solid #009;padding:.25em .5em}th {vertical-align:bottom}td {vertical-align:top}table a {font-weight:bold}.stripe td {background-color: #E6EBF9}.num {text-align:right}.passedodd td {background-color: #3F3}.passedeven td {background-color: #0A0}.skippedodd td {background-color: #DDD}.skippedeven td {background-color: #CCC}.failedodd td,.attn {background-color: #F33}.failedeven td,.stripe .attn {background-color: #D00}.stacktrace {white-space:pre;font-family:monospace}.totop {font-size:85%;text-align:center;border-bottom:2px solid #000}.invisible {display:none}</style>
</head>
<body>
<table>
<tr><th>Test</th><th># Passed</th><th># Skipped</th><th># Retried</th><th># Failed</th><th>Time (ms)</th><th>Included Groups</th><th>Excluded Groups</th></tr>
<tr><th colspan="8">NFT_Marketplace</th></tr>
<tr><td><a href="#t0">NFT_Marketplace</a></td><td class="num">16</td><td class="num">0</td><td class="num">0</td><td class="num attn">3</td><td class="num">588,893</td><td></td><td></td></tr>
</table>
<table id='summary'><thead><tr><th>Class</th><th>Method</th><th>Start</th><th>Time (ms)</th></tr></thead><tbody><tr><th colspan="4">NFT_Marketplace</th></tr></tbody><tbody id="t0"><tr><th colspan="4">NFT_Marketplace &#8212; failed</th></tr><tr class="failedeven"><td rowspan="1">testCases_for_Single_Token.TestCases_for_Single_Token</td><td><a href="#m0">Validate_secondary_sell</a></td><td rowspan="1">1623997017153</td><td rowspan="1">36477</td></tr><tr class="failedodd"><td rowspan="2">testCases_for_Single_Token.testCases_for_Multiple_Editions</td><td><a href="#m1">Validate_BuyEdition_option</a></td><td rowspan="1">1623997246561</td><td rowspan="1">58574</td></tr><tr class="failedodd"><td><a href="#m2">Validate_Destroy_option</a></td><td rowspan="1">1623997305138</td><td rowspan="1">1160</td></tr><tr><th colspan="4">NFT_Marketplace &#8212; passed</th></tr><tr class="passedeven"><td rowspan="10">testCases_for_Single_Token.TestCases_for_Single_Token</td><td><a href="#m3">Buy_Token</a></td><td rowspan="1">1623996975378</td><td rowspan="1">41772</td></tr><tr class="passedeven"><td><a href="#m4">SellToken</a></td><td rowspan="1">1623996908735</td><td rowspan="1">25723</td></tr><tr class="passedeven"><td><a href="#m5">Validate_Minted_Token</a></td><td rowspan="1">1623996887828</td><td rowspan="1">20902</td></tr><tr class="passedeven"><td><a href="#m6">Validate_Success_Massage_for_minted_token</a></td><td rowspan="1">1623996869870</td><td rowspan="1">17955</td></tr><tr class="passedeven"><td><a href="#m7">Validate_for_OTP_and_Decline_the_update</a></td><td rowspan="1">1623996791279</td><td rowspan="1">21502</td></tr><tr class="passedeven"><td><a href="#m8">Validate_for_minting_token_from_marketplace_with_single_edition_WithoutAnyRoyaltyCheck</a></td><td rowspan="1">1623996843066</td><td rowspan="1">26795</td></tr><tr class="passedeven"><td><a href="#m9">Verifylogin</a></td><td rowspan="1">1623996778458</td><td rowspan="1">12786</td></tr><tr class="passedeven"><td><a href="#m10">login_with_other_user</a></td><td rowspan="1">1623996941187</td><td rowspan="1">34181</td></tr><tr class="passedeven"><td><a href="#m11">logout_buyer_account</a></td><td rowspan="1">1623996934468</td><td rowspan="1">6716</td></tr><tr class="passedeven"><td><a href="#m12">openMarketplace</a></td><td rowspan="1">1623996812790</td><td rowspan="1">30268</td></tr><tr class="passedodd"><td rowspan="6">testCases_for_Single_Token.testCases_for_Multiple_Editions</td><td><a href="#m13">Validate_SellAllEditions_option</a></td><td rowspan="1">1623997164572</td><td rowspan="1">39033</td></tr><tr class="passedodd"><td><a href="#m14">Validate_Success_Massage_for_minted_token</a></td><td rowspan="1">1623997146646</td><td rowspan="1">17923</td></tr><tr class="passedodd"><td><a href="#m15">Validate_Token_Minting_for_multiple_Editions</a></td><td rowspan="1">1623997115618</td><td rowspan="1">31027</td></tr><tr class="passedodd"><td><a href="#m16">Verifylogin_for_Multiple_Editon_Validation</a></td><td rowspan="1">1623997081701</td><td rowspan="1">33909</td></tr><tr class="passedodd"><td><a href="#m17">login_with_other_user</a></td><td rowspan="1">1623997210320</td><td rowspan="1">36239</td></tr><tr class="passedodd"><td><a href="#m18">logout_buyer_account</a></td><td rowspan="1">1623997203607</td><td rowspan="1">6712</td></tr></tbody>
</table>
<h2>NFT_Marketplace</h2><h3 id="m0">testCases_for_Single_Token.TestCases_for_Single_Token#Validate_secondary_sell</h3><table class="result"><tr><th>Exception</th></tr><tr><td><div class="stacktrace">org.openqa.selenium.TimeoutException: Expected condition failed: waiting for visibility of element located by By.xpath: //div[@id=&apos;root&apos;]//div[@class=&apos;row&apos;]//div[@class=&apos;MuiCardContent-root px-2 pt-3 pb-1&apos;]/p[text()=&apos;Test_Token_Fri Jun 18 11:44:11 GMT 2021&apos;] (tried for 20 second(s) with 500 milliseconds interval)
	at org.openqa.selenium.support.ui.WebDriverWait.timeoutException(WebDriverWait.java:95)
	at org.openqa.selenium.support.ui.FluentWait.until(FluentWait.java:272)
	at pom_package.My_Token_Tab.ValidateTokenInMyToken(My_Token_Tab.java:109)
	at testCases_for_Single_Token.TestCases_for_Single_Token.Validate_secondary_sell(TestCases_for_Single_Token.java:246)
	at java.base/java.util.ArrayList.forEach(ArrayList.java:1511)
Caused by: org.openqa.selenium.NoSuchElementException: no such element: Unable to locate element: {&quot;method&quot;:&quot;xpath&quot;,&quot;selector&quot;:&quot;//div[@id=&apos;root&apos;]//div[@class=&apos;row&apos;]//div[@class=&apos;MuiCardContent-root px-2 pt-3 pb-1&apos;]/p[text()=&apos;Test_Token_Fri Jun 18 11:44:11 GMT 2021&apos;]&quot;}
  (Session info: chrome=91.0.4472.106)
For documentation on this error, please visit: https://www.seleniumhq.org/exceptions/no_such_element.html
Build info: version: &apos;3.141.59&apos;, revision: &apos;e82be7d358&apos;, time: &apos;2018-11-14T08:25:53&apos;
System info: host: &apos;DESKTOP-AV4AHNK&apos;, ip: &apos;192.168.43.153&apos;, os.name: &apos;Windows 10&apos;, os.arch: &apos;amd64&apos;, os.version: &apos;10.0&apos;, java.version: &apos;15.0.2&apos;
Driver info: org.openqa.selenium.chrome.ChromeDriver
Capabilities {acceptInsecureCerts: false, browserName: chrome, browserVersion: 91.0.4472.106, chrome: {chromedriverVersion: 91.0.4472.19 (1bf021f248676..., userDataDir: C:\Users\xooa\AppData\Local...}, goog:chromeOptions: {debuggerAddress: localhost:64684}, javascriptEnabled: true, networkConnectionEnabled: false, pageLoadStrategy: normal, platform: WINDOWS, platformName: WINDOWS, proxy: Proxy(), setWindowRect: true, strictFileInteractability: false, timeouts: {implicit: 0, pageLoad: 300000, script: 30000}, unhandledPromptBehavior: dismiss and notify, webauthn:extension:largeBlob: true, webauthn:virtualAuthenticators: true}
Session ID: 6ac8eaa86646e69aedd47ee3358c5c36
*** Element info: {Using=xpath, value=//div[@id=&apos;root&apos;]//div[@class=&apos;row&apos;]//div[@class=&apos;MuiCardContent-root px-2 pt-3 pb-1&apos;]/p[text()=&apos;Test_Token_Fri Jun 18 11:44:11 GMT 2021&apos;]}
	at org.openqa.selenium.remote.http.W3CHttpResponseCodec.createException(W3CHttpResponseCodec.java:187)
	at org.openqa.selenium.remote.http.W3CHttpResponseCodec.decode(W3CHttpResponseCodec.java:122)
	at org.openqa.selenium.remote.http.W3CHttpResponseCodec.decode(W3CHttpResponseCodec.java:49)
	at org.openqa.selenium.remote.HttpCommandExecutor.execute(HttpCommandExecutor.java:158)
	at org.openqa.selenium.remote.service.DriverCommandExecutor.execute(DriverCommandExecutor.java:83)
	at org.openqa.selenium.remote.RemoteWebDriver.execute(RemoteWebDriver.java:552)
	at org.openqa.selenium.remote.RemoteWebDriver.findElement(RemoteWebDriver.java:323)
	at org.openqa.selenium.remote.RemoteWebDriver.findElementByXPath(RemoteWebDriver.java:428)
	at org.openqa.selenium.By$ByXPath.findElement(By.java:353)
	at org.openqa.selenium.remote.RemoteWebDriver.findElement(RemoteWebDriver.java:315)
	at org.openqa.selenium.support.ui.ExpectedConditions$7.apply(ExpectedConditions.java:205)
	at org.openqa.selenium.support.ui.ExpectedConditions$7.apply(ExpectedConditions.java:201)
	at org.openqa.selenium.support.ui.FluentWait.until(FluentWait.java:249)
	... 30 more
... Removed 31 stack frames</div></td></tr></table><p class="totop"><a href="#summary">back to summary</a></p>
<h3 id="m1">testCases_for_Single_Token.testCases_for_Multiple_Editions#Validate_BuyEdition_option</h3><table class="result"><tr><th>Exception</th></tr><tr><td><div class="stacktrace">org.openqa.selenium.TimeoutException: Expected condition failed: waiting for visibility of element located by By.xpath: (//div[@class=&apos;modal-content&apos;])[2]//input[@id=&apos;name&apos;] (tried for 20 second(s) with 500 milliseconds interval)
	at org.openqa.selenium.support.ui.WebDriverWait.timeoutException(WebDriverWait.java:95)
	at org.openqa.selenium.support.ui.FluentWait.until(FluentWait.java:272)
	at pom_package.Buy_Token_From_MarketPlace.Buy_Token_of_Multiple_Edition(Buy_Token_From_MarketPlace.java:246)
	at testCases_for_Single_Token.testCases_for_Multiple_Editions.Validate_BuyEdition_option(testCases_for_Multiple_Editions.java:144)
	at java.base/java.util.ArrayList.forEach(ArrayList.java:1511)
Caused by: org.openqa.selenium.NoSuchElementException: no such element: Unable to locate element: {&quot;method&quot;:&quot;xpath&quot;,&quot;selector&quot;:&quot;(//div[@class=&apos;modal-content&apos;])[2]//input[@id=&apos;name&apos;]&quot;}
  (Session info: chrome=91.0.4472.106)
For documentation on this error, please visit: https://www.seleniumhq.org/exceptions/no_such_element.html
Build info: version: &apos;3.141.59&apos;, revision: &apos;e82be7d358&apos;, time: &apos;2018-11-14T08:25:53&apos;
System info: host: &apos;DESKTOP-AV4AHNK&apos;, ip: &apos;192.168.43.153&apos;, os.name: &apos;Windows 10&apos;, os.arch: &apos;amd64&apos;, os.version: &apos;10.0&apos;, java.version: &apos;15.0.2&apos;
Driver info: org.openqa.selenium.chrome.ChromeDriver
Capabilities {acceptInsecureCerts: false, browserName: chrome, browserVersion: 91.0.4472.106, chrome: {chromedriverVersion: 91.0.4472.19 (1bf021f248676..., userDataDir: C:\Users\xooa\AppData\Local...}, goog:chromeOptions: {debuggerAddress: localhost:62241}, javascriptEnabled: true, networkConnectionEnabled: false, pageLoadStrategy: normal, platform: WINDOWS, platformName: WINDOWS, proxy: Proxy(), setWindowRect: true, strictFileInteractability: false, timeouts: {implicit: 0, pageLoad: 300000, script: 30000}, unhandledPromptBehavior: dismiss and notify, webauthn:extension:largeBlob: true, webauthn:virtualAuthenticators: true}
Session ID: 3f9a65e171b021eba436297933aeaa36
*** Element info: {Using=xpath, value=(//div[@class=&apos;modal-content&apos;])[2]//input[@id=&apos;name&apos;]}
	at org.openqa.selenium.remote.http.W3CHttpResponseCodec.createException(W3CHttpResponseCodec.java:187)
	at org.openqa.selenium.remote.http.W3CHttpResponseCodec.decode(W3CHttpResponseCodec.java:122)
	at org.openqa.selenium.remote.http.W3CHttpResponseCodec.decode(W3CHttpResponseCodec.java:49)
	at org.openqa.selenium.remote.HttpCommandExecutor.execute(HttpCommandExecutor.java:158)
	at org.openqa.selenium.remote.service.DriverCommandExecutor.execute(DriverCommandExecutor.java:83)
	at org.openqa.selenium.remote.RemoteWebDriver.execute(RemoteWebDriver.java:552)
	at org.openqa.selenium.remote.RemoteWebDriver.findElement(RemoteWebDriver.java:323)
	at org.openqa.selenium.remote.RemoteWebDriver.findElementByXPath(RemoteWebDriver.java:428)
	at org.openqa.selenium.By$ByXPath.findElement(By.java:353)
	at org.openqa.selenium.remote.RemoteWebDriver.findElement(RemoteWebDriver.java:315)
	at org.openqa.selenium.support.ui.ExpectedConditions$7.apply(ExpectedConditions.java:205)
	at org.openqa.selenium.support.ui.ExpectedConditions$7.apply(ExpectedConditions.java:201)
	at org.openqa.selenium.support.ui.FluentWait.until(FluentWait.java:249)
	... 30 more
... Removed 31 stack frames</div></td></tr></table><p class="totop"><a href="#summary">back to summary</a></p>
<h3 id="m2">testCases_for_Single_Token.testCases_for_Multiple_Editions#Validate_Destroy_option</h3><table class="result"><tr><th>Exception</th></tr><tr><td><div class="stacktrace">org.openqa.selenium.ElementClickInterceptedException: element click intercepted: Element &lt;a class=&quot;nav-link nav-link&quot;&gt;...&lt;/a&gt; is not clickable at point (100, 196). Other element would receive the click: &lt;div class=&quot;modal fade show&quot; role=&quot;dialog&quot; tabindex=&quot;-1&quot; style=&quot;display: block;&quot;&gt;...&lt;/div&gt;
  (Session info: chrome=91.0.4472.106)
Build info: version: &apos;3.141.59&apos;, revision: &apos;e82be7d358&apos;, time: &apos;2018-11-14T08:25:53&apos;
System info: host: &apos;DESKTOP-AV4AHNK&apos;, ip: &apos;192.168.43.153&apos;, os.name: &apos;Windows 10&apos;, os.arch: &apos;amd64&apos;, os.version: &apos;10.0&apos;, java.version: &apos;15.0.2&apos;
Driver info: org.openqa.selenium.chrome.ChromeDriver
Capabilities {acceptInsecureCerts: false, browserName: chrome, browserVersion: 91.0.4472.106, chrome: {chromedriverVersion: 91.0.4472.19 (1bf021f248676..., userDataDir: C:\Users\xooa\AppData\Local...}, goog:chromeOptions: {debuggerAddress: localhost:62241}, javascriptEnabled: true, networkConnectionEnabled: false, pageLoadStrategy: normal, platform: WINDOWS, platformName: WINDOWS, proxy: Proxy(), setWindowRect: true, strictFileInteractability: false, timeouts: {implicit: 0, pageLoad: 300000, script: 30000}, unhandledPromptBehavior: dismiss and notify, webauthn:extension:largeBlob: true, webauthn:virtualAuthenticators: true}
Session ID: 3f9a65e171b021eba436297933aeaa36
	at org.openqa.selenium.remote.http.W3CHttpResponseCodec.createException(W3CHttpResponseCodec.java:187)
	at org.openqa.selenium.remote.http.W3CHttpResponseCodec.decode(W3CHttpResponseCodec.java:122)
	at org.openqa.selenium.remote.http.W3CHttpResponseCodec.decode(W3CHttpResponseCodec.java:49)
	at org.openqa.selenium.remote.HttpCommandExecutor.execute(HttpCommandExecutor.java:158)
	at org.openqa.selenium.remote.service.DriverCommandExecutor.execute(DriverCommandExecutor.java:83)
	at org.openqa.selenium.remote.RemoteWebDriver.execute(RemoteWebDriver.java:552)
	at org.openqa.selenium.remote.RemoteWebElement.execute(RemoteWebElement.java:285)
	at org.openqa.selenium.remote.RemoteWebElement.click(RemoteWebElement.java:84)
	at org.openqa.selenium.support.pagefactory.internal.LocatingElementHandler.invoke(LocatingElementHandler.java:51)
	at com.sun.proxy.$Proxy15.click(Unknown Source)
	at pom_package.Destroy_Token.Click_on_MyToken_Naviagtion(Destroy_Token.java:44)
	at testCases_for_Single_Token.testCases_for_Multiple_Editions.Validate_Destroy_option(testCases_for_Multiple_Editions.java:151)
	at java.base/java.util.ArrayList.forEach(ArrayList.java:1511)
... Removed 35 stack frames</div></td></tr></table><p class="totop"><a href="#summary">back to summary</a></p>
<h3 id="m3">testCases_for_Single_Token.TestCases_for_Single_Token#Buy_Token</h3><table class="result"><tr><th class="invisible"/></tr></table><p class="totop"><a href="#summary">back to summary</a></p>
<h3 id="m4">testCases_for_Single_Token.TestCases_for_Single_Token#SellToken</h3><table class="result"><tr><th class="invisible"/></tr></table><p class="totop"><a href="#summary">back to summary</a></p>
<h3 id="m5">testCases_for_Single_Token.TestCases_for_Single_Token#Validate_Minted_Token</h3><table class="result"><tr><th class="invisible"/></tr></table><p class="totop"><a href="#summary">back to summary</a></p>
<h3 id="m6">testCases_for_Single_Token.TestCases_for_Single_Token#Validate_Success_Massage_for_minted_token</h3><table class="result"><tr><th class="invisible"/></tr></table><p class="totop"><a href="#summary">back to summary</a></p>
<h3 id="m7">testCases_for_Single_Token.TestCases_for_Single_Token#Validate_for_OTP_and_Decline_the_update</h3><table class="result"><tr><th class="invisible"/></tr></table><p class="totop"><a href="#summary">back to summary</a></p>
<h3 id="m8">testCases_for_Single_Token.TestCases_for_Single_Token#Validate_for_minting_token_from_marketplace_with_single_edition_WithoutAnyRoyaltyCheck</h3><table class="result"><tr><th class="invisible"/></tr></table><p class="totop"><a href="#summary">back to summary</a></p>
<h3 id="m9">testCases_for_Single_Token.TestCases_for_Single_Token#Verifylogin</h3><table class="result"><tr><th class="invisible"/></tr></table><p class="totop"><a href="#summary">back to summary</a></p>
<h3 id="m10">testCases_for_Single_Token.TestCases_for_Single_Token#login_with_other_user</h3><table class="result"><tr><th class="invisible"/></tr></table><p class="totop"><a href="#summary">back to summary</a></p>
<h3 id="m11">testCases_for_Single_Token.TestCases_for_Single_Token#logout_buyer_account</h3><table class="result"><tr><th class="invisible"/></tr></table><p class="totop"><a href="#summary">back to summary</a></p>
<h3 id="m12">testCases_for_Single_Token.TestCases_for_Single_Token#openMarketplace</h3><table class="result"><tr><th class="invisible"/></tr></table><p class="totop"><a href="#summary">back to summary</a></p>
<h3 id="m13">testCases_for_Single_Token.testCases_for_Multiple_Editions#Validate_SellAllEditions_option</h3><table class="result"><tr><th class="invisible"/></tr></table><p class="totop"><a href="#summary">back to summary</a></p>
<h3 id="m14">testCases_for_Single_Token.testCases_for_Multiple_Editions#Validate_Success_Massage_for_minted_token</h3><table class="result"><tr><th class="invisible"/></tr></table><p class="totop"><a href="#summary">back to summary</a></p>
<h3 id="m15">testCases_for_Single_Token.testCases_for_Multiple_Editions#Validate_Token_Minting_for_multiple_Editions</h3><table class="result"><tr><th class="invisible"/></tr></table><p class="totop"><a href="#summary">back to summary</a></p>
<h3 id="m16">testCases_for_Single_Token.testCases_for_Multiple_Editions#Verifylogin_for_Multiple_Editon_Validation</h3><table class="result"><tr><th class="invisible"/></tr></table><p class="totop"><a href="#summary">back to summary</a></p>
<h3 id="m17">testCases_for_Single_Token.testCases_for_Multiple_Editions#login_with_other_user</h3><table class="result"><tr><th class="invisible"/></tr></table><p class="totop"><a href="#summary">back to summary</a></p>
<h3 id="m18">testCases_for_Single_Token.testCases_for_Multiple_Editions#logout_buyer_account</h3><table class="result"><tr><th class="invisible"/></tr></table><p class="totop"><a href="#summary">back to summary</a></p>
</body>
</html>
